<?xml version="1.0" encoding="UTF-8"?>
<!-- Generated by org.testng.reporters.JUnitReportReporter -->
<testsuite hostname="DESKTOP-OEDJJGO" failures="0" tests="1" name="Naukri.comUpdate.profileUpdate" time="98.634" errors="0" timestamp="2021-07-18T02:04:38 IST" skipped="0">
  <testcase classname="Naukri.comUpdate.profileUpdate" name="NaukriLogin" time="98.634"/>
  <system-out/>
</testsuite> <!-- Naukri.comUpdate.profileUpdate -->
