<?xml version="1.0" encoding="UTF-8"?>
<!-- Generated by org.testng.reporters.JUnitReportReporter -->
<testsuite hostname="DESKTOP-OEDJJGO" failures="0" tests="1" name="DataIngestors.test008contentfromsurfaceweb" time="28.084" errors="0" timestamp="2021-07-16T16:31:38 IST" skipped="0">
  <testcase classname="DataIngestors.test008contentfromsurfaceweb" name="INNSIGHTLogin" time="28.084"/>
  <system-out/>
</testsuite> <!-- DataIngestors.test008contentfromsurfaceweb -->
