<?xml version="1.0" encoding="UTF-8"?>
<!-- Generated by org.testng.reporters.JUnitReportReporter -->
<testsuite hostname="DESKTOP-OEDJJGO" failures="0" tests="1" name="DataIngestors.test009misspellingstargetsearchterms" time="32.355" errors="0" timestamp="2021-07-16T16:34:53 IST" skipped="0">
  <testcase classname="DataIngestors.test009misspellingstargetsearchterms" name="INNSIGHTLogin" time="32.355"/>
  <system-out/>
</testsuite> <!-- DataIngestors.test009misspellingstargetsearchterms -->
