<?xml version="1.0" encoding="UTF-8"?>
<!-- Generated by org.testng.reporters.JUnitReportReporter -->
<testsuite hostname="DESKTOP-OEDJJGO" failures="0" tests="1" name="DataIngestors.test003multipleSocialMediaandWeb" time="56.414" errors="0" timestamp="13 Jul 2021 12:18:22 GMT" skipped="0">
  <testcase classname="DataIngestors.test003multipleSocialMediaandWeb" name="INNSIGHTLogin" time="56.414"/>
</testsuite> <!-- DataIngestors.test003multipleSocialMediaandWeb -->
