<?xml version="1.0" encoding="UTF-8"?>
<!-- Generated by org.testng.reporters.JUnitReportReporter -->
<testsuite hostname="DESKTOP-OEDJJGO" failures="0" tests="1" name="DataIngestors.test006bMultiplekeywordsbooleanquery" time="47.239" errors="0" timestamp="2021-07-15T16:41:32 IST" skipped="0">
  <testcase classname="DataIngestors.test006bMultiplekeywordsbooleanquery" name="INNSIGHTLogin" time="47.239"/>
  <system-out/>
</testsuite> <!-- DataIngestors.test006bMultiplekeywordsbooleanquery -->
