<?xml version="1.0" encoding="UTF-8"?>
<!-- Generated by org.testng.reporters.JUnitReportReporter -->
<testsuite hostname="DESKTOP-OEDJJGO" failures="0" tests="1" name="DataIngestors.test012abilitytobealerted" time="45.749" errors="0" timestamp="2021-07-16T17:15:30 IST" skipped="0">
  <testcase classname="DataIngestors.test012abilitytobealerted" name="INNSIGHTLogin" time="45.749"/>
  <system-out/>
</testsuite> <!-- DataIngestors.test012abilitytobealerted -->
