<?xml version="1.0" encoding="UTF-8"?>
<!-- Generated by org.testng.reporters.JUnitReportReporter -->
<testsuite hostname="DESKTOP-OEDJJGO" failures="0" tests="1" name="Repo.InnsightLogin3" time="43.758" errors="0" timestamp="2021-07-17T00:14:50 IST" skipped="0">
  <testcase classname="Repo.InnsightLogin3" name="InnsightLogin" time="43.758"/>
  <system-out/>
</testsuite> <!-- Repo.InnsightLogin3 -->
