<?xml version="1.0" encoding="UTF-8"?>
<!-- Generated by org.testng.reporters.JUnitReportReporter -->
<testsuite hostname="DESKTOP-OEDJJGO" failures="0" tests="1" name="DataIngestors.test025Supportschedulingscraping" time="47.011" errors="0" timestamp="29 Jun 2021 06:13:27 GMT" skipped="0">
  <testcase classname="DataIngestors.test025Supportschedulingscraping" name="INNSIGHTLogin" time="47.011"/>
</testsuite> <!-- DataIngestors.test025Supportschedulingscraping -->
