<?xml version="1.0" encoding="UTF-8"?>
<!-- Generated by org.testng.reporters.JUnitReportReporter -->
<testsuite hostname="DESKTOP-OEDJJGO" failures="0" tests="1" name="DataIngestors.test022addproxy" time="52.289" errors="0" timestamp="28 Jun 2021 05:50:42 GMT" skipped="0">
  <testcase classname="DataIngestors.test022addproxy" name="INNSIGHTLogin" time="52.289"/>
</testsuite> <!-- DataIngestors.test022addproxy -->
