<?xml version="1.0" encoding="UTF-8"?>
<!-- Generated by org.testng.reporters.JUnitReportReporter -->
<testsuite hostname="DESKTOP-OEDJJGO" failures="0" tests="1" name="BigdataRepository.Test124selectchangeavatar" time="170.146" errors="0" timestamp="2021-07-16T12:03:13 IST" skipped="0">
  <testcase classname="BigdataRepository.Test124selectchangeavatar" name="INNSIGHTLogin2" time="170.146"/>
  <system-out/>
</testsuite> <!-- BigdataRepository.Test124selectchangeavatar -->
