<?xml version="1.0" encoding="UTF-8"?>
<!-- Generated by org.testng.reporters.JUnitReportReporter -->
<testsuite hostname="DESKTOP-OEDJJGO" failures="0" tests="1" name="DataIngestors.test007AddAvtar" time="27.715" errors="0" timestamp="2021-07-15T17:13:12 IST" skipped="0">
  <testcase classname="DataIngestors.test007AddAvtar" name="INNSIGHTLogin" time="27.715"/>
  <system-out/>
</testsuite> <!-- DataIngestors.test007AddAvtar -->
