<?xml version="1.0" encoding="UTF-8"?>
<!-- Generated by org.testng.reporters.JUnitReportReporter -->
<testsuite hostname="DESKTOP-OEDJJGO" failures="0" tests="1" name="DataIngestors.test010determinesentiments" time="30.783" errors="0" timestamp="2021-07-16T17:02:39 IST" skipped="0">
  <testcase classname="DataIngestors.test010determinesentiments" name="INNSIGHTLogin" time="30.783"/>
  <system-out/>
</testsuite> <!-- DataIngestors.test010determinesentiments -->
