<?xml version="1.0" encoding="UTF-8"?>
<!-- Generated by org.testng.reporters.JUnitReportReporter -->
<testsuite hostname="DESKTOP-OEDJJGO" failures="0" tests="1" name="Repo.InnsightLogin2" time="56.653" errors="0" timestamp="2021-07-17T22:52:00 IST" skipped="0">
  <testcase classname="Repo.InnsightLogin2" name="INNSIGHTLogin2" time="56.653"/>
  <system-out/>
</testsuite> <!-- Repo.InnsightLogin2 -->
