<?xml version="1.0" encoding="UTF-8"?>
<!-- Generated by org.testng.reporters.JUnitReportReporter -->
<testsuite hostname="DESKTOP-OEDJJGO" failures="0" tests="1" name="DataIngestors.test014nondetectablewebcrawlers" time="49.156" errors="0" timestamp="2021-07-16T17:27:15 IST" skipped="0">
  <testcase classname="DataIngestors.test014nondetectablewebcrawlers" name="INNSIGHTLogin" time="49.156"/>
  <system-out/>
</testsuite> <!-- DataIngestors.test014nondetectablewebcrawlers -->
