<?xml version="1.0" encoding="UTF-8"?>
<!-- Generated by org.testng.reporters.JUnitReportReporter -->
<testsuite hostname="DESKTOP-OEDJJGO" failures="0" tests="1" name="DataIngestors.test002BrowserBasedinteractivescraping" time="46.024" errors="0" timestamp="13 Jul 2021 12:08:05 GMT" skipped="0">
  <testcase classname="DataIngestors.test002BrowserBasedinteractivescraping" name="INNSIGHTLogin" time="46.024"/>
</testsuite> <!-- DataIngestors.test002BrowserBasedinteractivescraping -->
