<?xml version="1.0" encoding="UTF-8"?>
<!-- Generated by org.testng.reporters.JUnitReportReporter -->
<testsuite hostname="DESKTOP-OEDJJGO" failures="0" tests="1" name="DataIngestors.test021pausedeleteautocrawls" time="44.521" errors="0" timestamp="27 Jun 2021 16:43:19 GMT" skipped="0">
  <testcase classname="DataIngestors.test021pausedeleteautocrawls" name="INNSIGHTLogin" time="44.521"/>
</testsuite> <!-- DataIngestors.test021pausedeleteautocrawls -->
