<?xml version="1.0" encoding="UTF-8"?>
<!-- Generated by org.testng.reporters.JUnitReportReporter -->
<testsuite hostname="DESKTOP-OEDJJGO" failures="0" tests="1" name="DataIngestors.InnsightLogin" time="32.262" errors="0" timestamp="2021-07-18T21:42:53 IST" skipped="0">
  <testcase classname="DataIngestors.InnsightLogin" name="INNSIGHTLogin" time="32.262"/>
  <system-out/>
</testsuite> <!-- DataIngestors.InnsightLogin -->
