<?xml version="1.0" encoding="UTF-8"?>
<!-- Generated by org.testng.reporters.JUnitReportReporter -->
<testsuite hostname="DESKTOP-OEDJJGO" failures="0" tests="1" name="DataIngestors.test004systemshouldsupportTwitterstreamingAPI" time="65.234" errors="0" timestamp="13 Jul 2021 12:25:49 GMT" skipped="0">
  <testcase classname="DataIngestors.test004systemshouldsupportTwitterstreamingAPI" name="INNSIGHTLogin" time="65.234"/>
</testsuite> <!-- DataIngestors.test004systemshouldsupportTwitterstreamingAPI -->
