<?xml version="1.0" encoding="UTF-8"?>
<!-- Generated by org.testng.reporters.JUnitReportReporter -->
<testsuite hostname="DESKTOP-OEDJJGO" failures="0" tests="2" name="BigdataRepository.Test123Avatarconfiguration" time="192.078" errors="0" timestamp="2021-07-16T12:33:36 IST" skipped="0">
  <testcase classname="BigdataRepository.Test123Avatarconfiguration" name="Avatarconfig" time="14.678"/>
  <system-out/>
  <testcase classname="BigdataRepository.Test123Avatarconfiguration" name="INNSIGHTLogin2" time="177.400"/>
  <system-out/>
</testsuite> <!-- BigdataRepository.Test123Avatarconfiguration -->
