<?xml version="1.0" encoding="UTF-8"?>
<!-- Generated by org.testng.reporters.JUnitReportReporter -->
<testsuite hostname="DESKTOP-OEDJJGO" failures="0" tests="1" name="DataIngestors.test013SSLencryptedwebsites" time="45.251" errors="0" timestamp="2021-07-16T17:23:05 IST" skipped="0">
  <testcase classname="DataIngestors.test013SSLencryptedwebsites" name="INNSIGHTLogin" time="45.251"/>
  <system-out/>
</testsuite> <!-- DataIngestors.test013SSLencryptedwebsites -->
