<?xml version="1.0" encoding="UTF-8"?>
<!-- Generated by org.testng.reporters.JUnitReportReporter -->
<testsuite hostname="DESKTOP-OEDJJGO" failures="0" tests="1" name="DataIngestors.test011queriedcontentrealtime" time="36.999" errors="0" timestamp="2021-07-16T17:07:22 IST" skipped="0">
  <testcase classname="DataIngestors.test011queriedcontentrealtime" name="INNSIGHTLogin" time="36.999"/>
  <system-out/>
</testsuite> <!-- DataIngestors.test011queriedcontentrealtime -->
