<?xml version="1.0" encoding="UTF-8"?>
<!-- Generated by org.testng.reporters.JUnitReportReporter -->
<testsuite hostname="DESKTOP-OEDJJGO" failures="0" tests="1" name="DataIngestors.InnsightLogin" time="30.563" errors="0" timestamp="2021-07-15T23:41:11 IST" skipped="0">
  <testcase classname="DataIngestors.InnsightLogin" name="INNSIGHTLogin" time="30.563"/>
  <system-out/>
</testsuite> <!-- DataIngestors.InnsightLogin -->
