<?xml version="1.0" encoding="UTF-8"?>
<!-- Generated by org.testng.reporters.JUnitReportReporter -->
<testsuite hostname="DESKTOP-OEDJJGO" failures="0" tests="1" name="DataIngestors.test006cMultipleSocialmediahandles" time="31.401" errors="0" timestamp="2021-07-15T17:05:06 IST" skipped="0">
  <testcase classname="DataIngestors.test006cMultipleSocialmediahandles" name="INNSIGHTLogin" time="31.401"/>
  <system-out/>
</testsuite> <!-- DataIngestors.test006cMultipleSocialmediahandles -->
