<?xml version="1.0" encoding="UTF-8"?>
<!-- Generated by org.testng.reporters.JUnitReportReporter -->
<testsuite hostname="DESKTOP-OEDJJGO" failures="0" tests="1" name="DataIngestors.test006aAbilityprovideinputfilters" time="46.808" errors="0" timestamp="2021-07-15T16:35:15 IST" skipped="0">
  <testcase classname="DataIngestors.test006aAbilityprovideinputfilters" name="INNSIGHTLogin" time="46.808"/>
  <system-out/>
</testsuite> <!-- DataIngestors.test006aAbilityprovideinputfilters -->
